
*** Running vivado
    with args -log olymp_ctrlImgOlymp_0_0.vds -m64 -product Vivado -mode batch -messageDb vivado.pb -notrace -source olymp_ctrlImgOlymp_0_0.tcl


****** Vivado v2019.2.1 (64-bit)
  **** SW Build 2729669 on Thu Dec  5 04:49:17 MST 2019
  **** IP Build 2729494 on Thu Dec  5 07:38:25 MST 2019
    ** Copyright 1986-2019 Xilinx, Inc. All Rights Reserved.

source olymp_ctrlImgOlymp_0_0.tcl -notrace
create_project: Time (s): cpu = 00:00:03 ; elapsed = 00:00:07 . Memory (MB): peak = 412.199 ; gain = 103.898
Command: synth_design -top olymp_ctrlImgOlymp_0_0 -part xc7a35tcpg236-1 -mode out_of_context
Starting synth_design
WARNING: [IP_Flow 19-3571] IP 'olymp_ctrlImgOlymp_0_0' is restricted:
* Module reference is stale and needs refreshing.
Attempting to get a license for feature 'Synthesis' and/or device 'xc7a35t'
INFO: [Common 17-349] Got license for feature 'Synthesis' and/or device 'xc7a35t'
INFO: Launching helper process for spawning children vivado processes
INFO: Helper process launched with PID 1064 
---------------------------------------------------------------------------------
Starting Synthesize : Time (s): cpu = 00:00:05 ; elapsed = 00:00:06 . Memory (MB): peak = 694.223 ; gain = 250.102
---------------------------------------------------------------------------------
INFO: [Synth 8-6157] synthesizing module 'olymp_ctrlImgOlymp_0_0' [c:/Users/Alin/Documents/digilent/OlympicCirclesBd1FF0PL640/OlympicCirclesBd1FF0PL640.srcs/sources_1/bd/olymp/ip/olymp_ctrlImgOlymp_0_0/synth/olymp_ctrlImgOlymp_0_0.v:58]
INFO: [Synth 8-638] synthesizing module 'ctrlImgOlymp' [C:/Users/Alin/Documents/digilent/OlympicCirclesBd1FF0PL640/OlympicCirclesBd1FF0PL640.srcs/sources_1/imports/sources_1/imports/SourcesForOlympCirclesBd/ctrlImgOlymp.vhd:47]
WARNING: [Synth 8-614] signal 'ckVideo' is read in the process but is not in the sensitivity list [C:/Users/Alin/Documents/digilent/OlympicCirclesBd1FF0PL640/OlympicCirclesBd1FF0PL640.srcs/sources_1/imports/sources_1/imports/SourcesForOlympCirclesBd/ctrlImgOlymp.vhd:95]
WARNING: [Synth 8-614] signal 'distToCenter2' is read in the process but is not in the sensitivity list [C:/Users/Alin/Documents/digilent/OlympicCirclesBd1FF0PL640/OlympicCirclesBd1FF0PL640.srcs/sources_1/imports/sources_1/imports/SourcesForOlympCirclesBd/ctrlImgOlymp.vhd:105]
INFO: [Synth 8-256] done synthesizing module 'ctrlImgOlymp' (1#1) [C:/Users/Alin/Documents/digilent/OlympicCirclesBd1FF0PL640/OlympicCirclesBd1FF0PL640.srcs/sources_1/imports/sources_1/imports/SourcesForOlympCirclesBd/ctrlImgOlymp.vhd:47]
INFO: [Synth 8-6155] done synthesizing module 'olymp_ctrlImgOlymp_0_0' (2#1) [c:/Users/Alin/Documents/digilent/OlympicCirclesBd1FF0PL640/OlympicCirclesBd1FF0PL640.srcs/sources_1/bd/olymp/ip/olymp_ctrlImgOlymp_0_0/synth/olymp_ctrlImgOlymp_0_0.v:58]
WARNING: [Synth 8-3331] design ctrlImgOlymp has unconnected port adrHScreen[31]
WARNING: [Synth 8-3331] design ctrlImgOlymp has unconnected port adrHScreen[30]
WARNING: [Synth 8-3331] design ctrlImgOlymp has unconnected port adrHScreen[29]
WARNING: [Synth 8-3331] design ctrlImgOlymp has unconnected port adrHScreen[28]
WARNING: [Synth 8-3331] design ctrlImgOlymp has unconnected port adrHScreen[27]
WARNING: [Synth 8-3331] design ctrlImgOlymp has unconnected port adrHScreen[26]
WARNING: [Synth 8-3331] design ctrlImgOlymp has unconnected port adrHScreen[25]
WARNING: [Synth 8-3331] design ctrlImgOlymp has unconnected port adrHScreen[24]
WARNING: [Synth 8-3331] design ctrlImgOlymp has unconnected port adrHScreen[23]
WARNING: [Synth 8-3331] design ctrlImgOlymp has unconnected port adrHScreen[22]
WARNING: [Synth 8-3331] design ctrlImgOlymp has unconnected port adrHScreen[21]
WARNING: [Synth 8-3331] design ctrlImgOlymp has unconnected port adrHScreen[20]
WARNING: [Synth 8-3331] design ctrlImgOlymp has unconnected port adrVScreen[31]
WARNING: [Synth 8-3331] design ctrlImgOlymp has unconnected port adrVScreen[30]
WARNING: [Synth 8-3331] design ctrlImgOlymp has unconnected port adrVScreen[29]
WARNING: [Synth 8-3331] design ctrlImgOlymp has unconnected port adrVScreen[28]
WARNING: [Synth 8-3331] design ctrlImgOlymp has unconnected port adrVScreen[27]
WARNING: [Synth 8-3331] design ctrlImgOlymp has unconnected port adrVScreen[26]
WARNING: [Synth 8-3331] design ctrlImgOlymp has unconnected port adrVScreen[25]
WARNING: [Synth 8-3331] design ctrlImgOlymp has unconnected port adrVScreen[24]
WARNING: [Synth 8-3331] design ctrlImgOlymp has unconnected port adrVScreen[23]
WARNING: [Synth 8-3331] design ctrlImgOlymp has unconnected port adrVScreen[22]
WARNING: [Synth 8-3331] design ctrlImgOlymp has unconnected port adrVScreen[21]
WARNING: [Synth 8-3331] design ctrlImgOlymp has unconnected port adrVScreen[20]
---------------------------------------------------------------------------------
Finished Synthesize : Time (s): cpu = 00:00:06 ; elapsed = 00:00:07 . Memory (MB): peak = 759.535 ; gain = 315.414
---------------------------------------------------------------------------------
---------------------------------------------------------------------------------
Finished Constraint Validation : Time (s): cpu = 00:00:06 ; elapsed = 00:00:08 . Memory (MB): peak = 760.297 ; gain = 316.176
---------------------------------------------------------------------------------
---------------------------------------------------------------------------------
Start Loading Part and Timing Information
---------------------------------------------------------------------------------
Loading part: xc7a35tcpg236-1
---------------------------------------------------------------------------------
Finished Loading Part and Timing Information : Time (s): cpu = 00:00:06 ; elapsed = 00:00:08 . Memory (MB): peak = 760.297 ; gain = 316.176
---------------------------------------------------------------------------------
INFO: [Device 21-403] Loading part xc7a35tcpg236-1
INFO: [Synth 8-5845] Not enough pipeline registers after wide multiplier. Recommended levels of pipeline registers is 2 [C:/Users/Alin/Documents/digilent/OlympicCirclesBd1FF0PL640/OlympicCirclesBd1FF0PL640.srcs/sources_1/imports/sources_1/imports/SourcesForOlympCirclesBd/ctrlImgOlymp.vhd:101]
INFO: [Synth 8-5845] Not enough pipeline registers after wide multiplier. Recommended levels of pipeline registers is 2 [C:/Users/Alin/Documents/digilent/OlympicCirclesBd1FF0PL640/OlympicCirclesBd1FF0PL640.srcs/sources_1/imports/sources_1/imports/SourcesForOlympCirclesBd/ctrlImgOlymp.vhd:100]
INFO: [Synth 8-5845] Not enough pipeline registers after wide multiplier. Recommended levels of pipeline registers is 2 [C:/Users/Alin/Documents/digilent/OlympicCirclesBd1FF0PL640/OlympicCirclesBd1FF0PL640.srcs/sources_1/imports/sources_1/imports/SourcesForOlympCirclesBd/ctrlImgOlymp.vhd:100]
INFO: [Synth 8-5845] Not enough pipeline registers after wide multiplier. Recommended levels of pipeline registers is 2 [C:/Users/Alin/Documents/digilent/OlympicCirclesBd1FF0PL640/OlympicCirclesBd1FF0PL640.srcs/sources_1/imports/sources_1/imports/SourcesForOlympCirclesBd/ctrlImgOlymp.vhd:100]
INFO: [Synth 8-5845] Not enough pipeline registers after wide multiplier. Recommended levels of pipeline registers is 2 [C:/Users/Alin/Documents/digilent/OlympicCirclesBd1FF0PL640/OlympicCirclesBd1FF0PL640.srcs/sources_1/imports/sources_1/imports/SourcesForOlympCirclesBd/ctrlImgOlymp.vhd:101]
INFO: [Synth 8-5845] Not enough pipeline registers after wide multiplier. Recommended levels of pipeline registers is 2 [C:/Users/Alin/Documents/digilent/OlympicCirclesBd1FF0PL640/OlympicCirclesBd1FF0PL640.srcs/sources_1/imports/sources_1/imports/SourcesForOlympCirclesBd/ctrlImgOlymp.vhd:100]
INFO: [Synth 8-5845] Not enough pipeline registers after wide multiplier. Recommended levels of pipeline registers is 2 [C:/Users/Alin/Documents/digilent/OlympicCirclesBd1FF0PL640/OlympicCirclesBd1FF0PL640.srcs/sources_1/imports/sources_1/imports/SourcesForOlympCirclesBd/ctrlImgOlymp.vhd:100]
---------------------------------------------------------------------------------
Finished RTL Optimization Phase 2 : Time (s): cpu = 00:00:07 ; elapsed = 00:00:08 . Memory (MB): peak = 760.320 ; gain = 316.199
---------------------------------------------------------------------------------

Report RTL Partitions: 
+-+--------------+------------+----------+
| |RTL Partition |Replication |Instances |
+-+--------------+------------+----------+
+-+--------------+------------+----------+
No constraint files found.
---------------------------------------------------------------------------------
Start RTL Component Statistics 
---------------------------------------------------------------------------------
Detailed RTL Component Info : 
+---Adders : 
	   2 Input     20 Bit       Adders := 12    
+---Registers : 
	               20 Bit    Registers := 5     
+---Muxes : 
	   2 Input      5 Bit        Muxes := 1     
	   2 Input      1 Bit        Muxes := 3     
---------------------------------------------------------------------------------
Finished RTL Component Statistics 
---------------------------------------------------------------------------------
---------------------------------------------------------------------------------
Start RTL Hierarchical Component Statistics 
---------------------------------------------------------------------------------
Hierarchical RTL Component report 
Module ctrlImgOlymp 
Detailed RTL Component Info : 
+---Adders : 
	   2 Input     20 Bit       Adders := 12    
+---Registers : 
	               20 Bit    Registers := 5     
+---Muxes : 
	   2 Input      5 Bit        Muxes := 1     
	   2 Input      1 Bit        Muxes := 3     
---------------------------------------------------------------------------------
Finished RTL Hierarchical Component Statistics
---------------------------------------------------------------------------------
---------------------------------------------------------------------------------
Start Part Resource Summary
---------------------------------------------------------------------------------
Part Resources:
DSPs: 90 (col length:60)
BRAMs: 100 (col length: RAMB18 60 RAMB36 30)
---------------------------------------------------------------------------------
Finished Part Resource Summary
---------------------------------------------------------------------------------
No constraint files found.
---------------------------------------------------------------------------------
Start Cross Boundary and Area Optimization
---------------------------------------------------------------------------------
Warning: Parallel synthesis criteria is not met 
DSP Report: Generating DSP inst/distToCenter2_reg[0]1, operation Mode is: A*B.
DSP Report: operator inst/distToCenter2_reg[0]1 is absorbed into DSP inst/distToCenter2_reg[0]1.
DSP Report: operator inst/distToCenter2_reg[0]1 is absorbed into DSP inst/distToCenter2_reg[0]1.
DSP Report: Generating DSP inst/distToCenter2_reg[0]1, operation Mode is: A*B.
DSP Report: operator inst/distToCenter2_reg[0]1 is absorbed into DSP inst/distToCenter2_reg[0]1.
DSP Report: operator inst/distToCenter2_reg[0]1 is absorbed into DSP inst/distToCenter2_reg[0]1.
DSP Report: Generating DSP inst/distToCenter2_reg[1]1, operation Mode is: A*B.
DSP Report: operator inst/distToCenter2_reg[1]1 is absorbed into DSP inst/distToCenter2_reg[1]1.
DSP Report: operator inst/distToCenter2_reg[1]1 is absorbed into DSP inst/distToCenter2_reg[1]1.
DSP Report: Generating DSP inst/distToCenter2_reg[2]1, operation Mode is: A*B.
DSP Report: operator inst/distToCenter2_reg[2]1 is absorbed into DSP inst/distToCenter2_reg[2]1.
DSP Report: operator inst/distToCenter2_reg[2]1 is absorbed into DSP inst/distToCenter2_reg[2]1.
DSP Report: Generating DSP inst/distToCenter2_reg[3]1, operation Mode is: A*B.
DSP Report: operator inst/distToCenter2_reg[3]1 is absorbed into DSP inst/distToCenter2_reg[3]1.
DSP Report: operator inst/distToCenter2_reg[3]1 is absorbed into DSP inst/distToCenter2_reg[3]1.
DSP Report: Generating DSP inst/distToCenter2_reg[3]1, operation Mode is: A*B.
DSP Report: operator inst/distToCenter2_reg[3]1 is absorbed into DSP inst/distToCenter2_reg[3]1.
DSP Report: operator inst/distToCenter2_reg[3]1 is absorbed into DSP inst/distToCenter2_reg[3]1.
DSP Report: Generating DSP inst/distToCenter2_reg[4]1, operation Mode is: A*B.
DSP Report: operator inst/distToCenter2_reg[4]1 is absorbed into DSP inst/distToCenter2_reg[4]1.
DSP Report: operator inst/distToCenter2_reg[4]1 is absorbed into DSP inst/distToCenter2_reg[4]1.
WARNING: [Synth 8-3331] design olymp_ctrlImgOlymp_0_0 has unconnected port adrHScreen[31]
WARNING: [Synth 8-3331] design olymp_ctrlImgOlymp_0_0 has unconnected port adrHScreen[30]
WARNING: [Synth 8-3331] design olymp_ctrlImgOlymp_0_0 has unconnected port adrHScreen[29]
WARNING: [Synth 8-3331] design olymp_ctrlImgOlymp_0_0 has unconnected port adrHScreen[28]
WARNING: [Synth 8-3331] design olymp_ctrlImgOlymp_0_0 has unconnected port adrHScreen[27]
WARNING: [Synth 8-3331] design olymp_ctrlImgOlymp_0_0 has unconnected port adrHScreen[26]
WARNING: [Synth 8-3331] design olymp_ctrlImgOlymp_0_0 has unconnected port adrHScreen[25]
WARNING: [Synth 8-3331] design olymp_ctrlImgOlymp_0_0 has unconnected port adrHScreen[24]
WARNING: [Synth 8-3331] design olymp_ctrlImgOlymp_0_0 has unconnected port adrHScreen[23]
WARNING: [Synth 8-3331] design olymp_ctrlImgOlymp_0_0 has unconnected port adrHScreen[22]
WARNING: [Synth 8-3331] design olymp_ctrlImgOlymp_0_0 has unconnected port adrHScreen[21]
WARNING: [Synth 8-3331] design olymp_ctrlImgOlymp_0_0 has unconnected port adrHScreen[20]
WARNING: [Synth 8-3331] design olymp_ctrlImgOlymp_0_0 has unconnected port adrVScreen[31]
WARNING: [Synth 8-3331] design olymp_ctrlImgOlymp_0_0 has unconnected port adrVScreen[30]
WARNING: [Synth 8-3331] design olymp_ctrlImgOlymp_0_0 has unconnected port adrVScreen[29]
WARNING: [Synth 8-3331] design olymp_ctrlImgOlymp_0_0 has unconnected port adrVScreen[28]
WARNING: [Synth 8-3331] design olymp_ctrlImgOlymp_0_0 has unconnected port adrVScreen[27]
WARNING: [Synth 8-3331] design olymp_ctrlImgOlymp_0_0 has unconnected port adrVScreen[26]
WARNING: [Synth 8-3331] design olymp_ctrlImgOlymp_0_0 has unconnected port adrVScreen[25]
WARNING: [Synth 8-3331] design olymp_ctrlImgOlymp_0_0 has unconnected port adrVScreen[24]
WARNING: [Synth 8-3331] design olymp_ctrlImgOlymp_0_0 has unconnected port adrVScreen[23]
WARNING: [Synth 8-3331] design olymp_ctrlImgOlymp_0_0 has unconnected port adrVScreen[22]
WARNING: [Synth 8-3331] design olymp_ctrlImgOlymp_0_0 has unconnected port adrVScreen[21]
WARNING: [Synth 8-3331] design olymp_ctrlImgOlymp_0_0 has unconnected port adrVScreen[20]
---------------------------------------------------------------------------------
Finished Cross Boundary and Area Optimization : Time (s): cpu = 00:00:13 ; elapsed = 00:00:15 . Memory (MB): peak = 897.398 ; gain = 453.277
---------------------------------------------------------------------------------
---------------------------------------------------------------------------------
Start ROM, RAM, DSP and Shift Register Reporting
---------------------------------------------------------------------------------

DSP: Preliminary Mapping	Report (see note below)
+-------------+-------------+--------+--------+--------+--------+--------+------+------+------+------+-------+------+------+
|Module Name  | DSP Mapping | A Size | B Size | C Size | D Size | P Size | AREG | BREG | CREG | DREG | ADREG | MREG | PREG | 
+-------------+-------------+--------+--------+--------+--------+--------+------+------+------+------+-------+------+------+
|ctrlImgOlymp | A*B         | 20     | 18     | -      | -      | 48     | 0    | 0    | -    | -    | -     | 0    | 0    | 
|ctrlImgOlymp | A*B         | 20     | 18     | -      | -      | 48     | 0    | 0    | -    | -    | -     | 0    | 0    | 
|ctrlImgOlymp | A*B         | 20     | 18     | -      | -      | 48     | 0    | 0    | -    | -    | -     | 0    | 0    | 
|ctrlImgOlymp | A*B         | 20     | 18     | -      | -      | 48     | 0    | 0    | -    | -    | -     | 0    | 0    | 
|ctrlImgOlymp | A*B         | 20     | 18     | -      | -      | 48     | 0    | 0    | -    | -    | -     | 0    | 0    | 
|ctrlImgOlymp | A*B         | 20     | 18     | -      | -      | 48     | 0    | 0    | -    | -    | -     | 0    | 0    | 
|ctrlImgOlymp | A*B         | 20     | 18     | -      | -      | 48     | 0    | 0    | -    | -    | -     | 0    | 0    | 
+-------------+-------------+--------+--------+--------+--------+--------+------+------+------+------+-------+------+------+

Note: The table above is a preliminary report that shows the DSPs inferred at the current stage of the synthesis flow. Some DSP may be reimplemented as non DSP primitives later in the synthesis flow. Multiple instantiated DSPs are reported only once.
---------------------------------------------------------------------------------
Finished ROM, RAM, DSP and Shift Register Reporting
---------------------------------------------------------------------------------

Report RTL Partitions: 
+-+--------------+------------+----------+
| |RTL Partition |Replication |Instances |
+-+--------------+------------+----------+
+-+--------------+------------+----------+
No constraint files found.
---------------------------------------------------------------------------------
Start Timing Optimization
---------------------------------------------------------------------------------
---------------------------------------------------------------------------------
Finished Timing Optimization : Time (s): cpu = 00:00:13 ; elapsed = 00:00:15 . Memory (MB): peak = 903.238 ; gain = 459.117
---------------------------------------------------------------------------------

Report RTL Partitions: 
+-+--------------+------------+----------+
| |RTL Partition |Replication |Instances |
+-+--------------+------------+----------+
+-+--------------+------------+----------+
---------------------------------------------------------------------------------
Start Technology Mapping
---------------------------------------------------------------------------------
---------------------------------------------------------------------------------
Finished Technology Mapping : Time (s): cpu = 00:00:13 ; elapsed = 00:00:15 . Memory (MB): peak = 903.238 ; gain = 459.117
---------------------------------------------------------------------------------

Report RTL Partitions: 
+-+--------------+------------+----------+
| |RTL Partition |Replication |Instances |
+-+--------------+------------+----------+
+-+--------------+------------+----------+
---------------------------------------------------------------------------------
Start IO Insertion
---------------------------------------------------------------------------------
---------------------------------------------------------------------------------
Start Flattening Before IO Insertion
---------------------------------------------------------------------------------
---------------------------------------------------------------------------------
Finished Flattening Before IO Insertion
---------------------------------------------------------------------------------
---------------------------------------------------------------------------------
Start Final Netlist Cleanup
---------------------------------------------------------------------------------
---------------------------------------------------------------------------------
Finished Final Netlist Cleanup
---------------------------------------------------------------------------------
---------------------------------------------------------------------------------
Finished IO Insertion : Time (s): cpu = 00:00:19 ; elapsed = 00:00:21 . Memory (MB): peak = 903.320 ; gain = 459.199
---------------------------------------------------------------------------------
---------------------------------------------------------------------------------
Start Renaming Generated Instances
---------------------------------------------------------------------------------
---------------------------------------------------------------------------------
Finished Renaming Generated Instances : Time (s): cpu = 00:00:19 ; elapsed = 00:00:21 . Memory (MB): peak = 903.320 ; gain = 459.199
---------------------------------------------------------------------------------

Report RTL Partitions: 
+-+--------------+------------+----------+
| |RTL Partition |Replication |Instances |
+-+--------------+------------+----------+
+-+--------------+------------+----------+

Report Check Netlist: 
+------+------------------+-------+---------+-------+------------------+
|      |Item              |Errors |Warnings |Status |Description       |
+------+------------------+-------+---------+-------+------------------+
|1     |multi_driven_nets |      0|        0|Passed |Multi driven nets |
+------+------------------+-------+---------+-------+------------------+
---------------------------------------------------------------------------------
Start Rebuilding User Hierarchy
---------------------------------------------------------------------------------
---------------------------------------------------------------------------------
Finished Rebuilding User Hierarchy : Time (s): cpu = 00:00:19 ; elapsed = 00:00:21 . Memory (MB): peak = 903.320 ; gain = 459.199
---------------------------------------------------------------------------------
---------------------------------------------------------------------------------
Start Renaming Generated Ports
---------------------------------------------------------------------------------
---------------------------------------------------------------------------------
Finished Renaming Generated Ports : Time (s): cpu = 00:00:19 ; elapsed = 00:00:21 . Memory (MB): peak = 903.320 ; gain = 459.199
---------------------------------------------------------------------------------
---------------------------------------------------------------------------------
Start Handling Custom Attributes
---------------------------------------------------------------------------------
---------------------------------------------------------------------------------
Finished Handling Custom Attributes : Time (s): cpu = 00:00:19 ; elapsed = 00:00:21 . Memory (MB): peak = 903.320 ; gain = 459.199
---------------------------------------------------------------------------------
---------------------------------------------------------------------------------
Start Renaming Generated Nets
---------------------------------------------------------------------------------
---------------------------------------------------------------------------------
Finished Renaming Generated Nets : Time (s): cpu = 00:00:19 ; elapsed = 00:00:21 . Memory (MB): peak = 903.320 ; gain = 459.199
---------------------------------------------------------------------------------
---------------------------------------------------------------------------------
Start Writing Synthesis Report
---------------------------------------------------------------------------------

Report BlackBoxes: 
+-+--------------+----------+
| |BlackBox name |Instances |
+-+--------------+----------+
+-+--------------+----------+

Report Cell Usage: 
+------+--------+------+
|      |Cell    |Count |
+------+--------+------+
|1     |CARRY4  |    60|
|2     |DSP48E1 |     7|
|3     |LUT1    |   105|
|4     |LUT2    |    89|
|5     |LUT3    |     5|
|6     |LUT4    |     1|
|7     |LUT5    |     5|
|8     |LUT6    |    47|
|9     |FDRE    |   100|
+------+--------+------+

Report Instance Areas: 
+------+---------+-------------+------+
|      |Instance |Module       |Cells |
+------+---------+-------------+------+
|1     |top      |             |   419|
|2     |  inst   |ctrlImgOlymp |   419|
+------+---------+-------------+------+
---------------------------------------------------------------------------------
Finished Writing Synthesis Report : Time (s): cpu = 00:00:19 ; elapsed = 00:00:21 . Memory (MB): peak = 903.320 ; gain = 459.199
---------------------------------------------------------------------------------
Synthesis finished with 0 errors, 0 critical warnings and 50 warnings.
Synthesis Optimization Runtime : Time (s): cpu = 00:00:19 ; elapsed = 00:00:21 . Memory (MB): peak = 903.320 ; gain = 459.199
Synthesis Optimization Complete : Time (s): cpu = 00:00:19 ; elapsed = 00:00:21 . Memory (MB): peak = 903.320 ; gain = 459.199
INFO: [Project 1-571] Translating synthesized netlist
Netlist sorting complete. Time (s): cpu = 00:00:00 ; elapsed = 00:00:00.017 . Memory (MB): peak = 915.402 ; gain = 0.000
INFO: [Netlist 29-17] Analyzing 67 Unisim elements for replacement
INFO: [Netlist 29-28] Unisim Transformation completed in 0 CPU seconds
INFO: [Project 1-570] Preparing netlist for logic optimization
INFO: [Opt 31-138] Pushed 0 inverter(s) to 0 load pin(s).
Netlist sorting complete. Time (s): cpu = 00:00:00 ; elapsed = 00:00:00.001 . Memory (MB): peak = 1011.371 ; gain = 0.000
INFO: [Project 1-111] Unisim Transformation Summary:
No Unisim elements were transformed.

INFO: [Common 17-83] Releasing license: Synthesis
20 Infos, 51 Warnings, 0 Critical Warnings and 0 Errors encountered.
synth_design completed successfully
synth_design: Time (s): cpu = 00:00:24 ; elapsed = 00:00:27 . Memory (MB): peak = 1011.371 ; gain = 574.355
Netlist sorting complete. Time (s): cpu = 00:00:00 ; elapsed = 00:00:00 . Memory (MB): peak = 1011.371 ; gain = 0.000
WARNING: [Constraints 18-5210] No constraints selected for write.
Resolution: This message can indicate that there are no constraints for the design, or it can indicate that the used_in flags are set such that the constraints are ignored. This later case is used when running synth_design to not write synthesis constraints to the resulting checkpoint. Instead, project constraints are read when the synthesized design is opened.
INFO: [Timing 38-35] Done setting XDC timing constraints.
INFO: [Common 17-1381] The checkpoint 'C:/Users/Alin/Documents/digilent/OlympicCirclesBd1FF0PL640/OlympicCirclesBd1FF0PL640.runs/olymp_ctrlImgOlymp_0_0_synth_1/olymp_ctrlImgOlymp_0_0.dcp' has been generated.
write_checkpoint: Time (s): cpu = 00:00:12 ; elapsed = 00:00:15 . Memory (MB): peak = 1367.957 ; gain = 356.586
WARNING: [Common 17-576] 'use_project_ipc' is deprecated. This option is deprecated and no longer used.
Netlist sorting complete. Time (s): cpu = 00:00:00 ; elapsed = 00:00:00 . Memory (MB): peak = 1367.957 ; gain = 0.000
WARNING: [Constraints 18-5210] No constraints selected for write.
Resolution: This message can indicate that there are no constraints for the design, or it can indicate that the used_in flags are set such that the constraints are ignored. This later case is used when running synth_design to not write synthesis constraints to the resulting checkpoint. Instead, project constraints are read when the synthesized design is opened.
INFO: [Common 17-1381] The checkpoint 'C:/Users/Alin/Documents/digilent/OlympicCirclesBd1FF0PL640/OlympicCirclesBd1FF0PL640.runs/olymp_ctrlImgOlymp_0_0_synth_1/olymp_ctrlImgOlymp_0_0.dcp' has been generated.
INFO: [runtcl-4] Executing : report_utilization -file olymp_ctrlImgOlymp_0_0_utilization_synth.rpt -pb olymp_ctrlImgOlymp_0_0_utilization_synth.pb
INFO: [Common 17-206] Exiting Vivado at Tue Apr 21 14:35:44 2020...
