Copyright 1986-2019 Xilinx, Inc. All Rights Reserved.
------------------------------------------------------------------------------------------
| Tool Version : Vivado v.2019.2.1 (win64) Build 2729669 Thu Dec  5 04:49:17 MST 2019
| Date         : Tue Apr 21 16:27:53 2020
| Host         : Alin-PC running 64-bit Service Pack 1  (build 7601)
| Command      : report_control_sets -verbose -file olymp_wrapper_control_sets_placed.rpt
| Design       : olymp_wrapper
| Device       : xc7a35t
------------------------------------------------------------------------------------------

Control Set Information

Table of Contents
-----------------
1. Summary
2. Histogram
3. Flip-Flop Distribution
4. Detailed Control Set Information

1. Summary
----------

+----------------------------------------------------------+-------+
|                          Status                          | Count |
+----------------------------------------------------------+-------+
| Total control sets                                       |     3 |
|    Minimum number of control sets                        |     3 |
|    Addition due to synthesis replication                 |     0 |
|    Addition due to physical synthesis replication        |     0 |
| Unused register locations in slices containing registers |    15 |
+----------------------------------------------------------+-------+
* Control sets can be merged at opt_design using control_set_merge or merge_equivalent_drivers
** Run report_qor_suggestions for automated merging and remapping suggestions


2. Histogram
------------

+--------------------+-------+
|       Fanout       | Count |
+--------------------+-------+
| Total control sets |     3 |
| >= 0 to < 4        |     1 |
| >= 4 to < 6        |     0 |
| >= 6 to < 8        |     0 |
| >= 8 to < 10       |     0 |
| >= 10 to < 12      |     2 |
| >= 12 to < 14      |     0 |
| >= 14 to < 16      |     0 |
| >= 16              |     0 |
+--------------------+-------+
* Control sets can be remapped at either synth_design or opt_design


3. Flip-Flop Distribution
-------------------------

+--------------+-----------------------+------------------------+-----------------+--------------+
| Clock Enable | Synchronous Set/Reset | Asynchronous Set/Reset | Total Registers | Total Slices |
+--------------+-----------------------+------------------------+-----------------+--------------+
| No           | No                    | No                     |               3 |            3 |
| No           | No                    | Yes                    |               0 |            0 |
| No           | Yes                   | No                     |              11 |            3 |
| Yes          | No                    | No                     |              11 |            6 |
| Yes          | No                    | Yes                    |               0 |            0 |
| Yes          | Yes                   | No                     |               0 |            0 |
+--------------+-----------------------+------------------------+-----------------+--------------+


4. Detailed Control Set Information
-----------------------------------

+-----------------------------------------+-----------------------------------------------+-----------------------------------------------+------------------+----------------+
|               Clock Signal              |                 Enable Signal                 |                Set/Reset Signal               | Slice Load Count | Bel Load Count |
+-----------------------------------------+-----------------------------------------------+-----------------------------------------------+------------------+----------------+
|  olymp_i/ckVideoGen_0/inst/ckVideo_BUFG |                                               |                                               |                3 |              3 |
|  olymp_i/ckVideoGen_0/inst/ckVideo_BUFG |                                               | olymp_i/vgaCtrl_0/inst/cntHScreen[11]_i_1_n_0 |                3 |             11 |
|  olymp_i/ckVideoGen_0/inst/ckVideo_BUFG | olymp_i/vgaCtrl_0/inst/cntVScreen[10]_i_1_n_0 |                                               |                6 |             11 |
+-----------------------------------------+-----------------------------------------------+-----------------------------------------------+------------------+----------------+


